<?xml version="1.0" encoding="UTF-8"?>
<robot generator="Robot 7.2.2 (Python 3.12.9 on win32)" generated="2025-04-06T18:08:27.946179" rpa="false" schemaversion="5">
<suite id="s1" name="Login Tests" source="C:\Users\Faizan Afridi\Desktop\sleepify-main\sleepify-main\automatedtests\tests\login_tests.robot">
<test id="s1-t1" name="Invalid Login Test" line="10">
<kw name="Open Sleepify" owner="common" type="SETUP">
<kw name="Open Browser" owner="SeleniumLibrary">
<msg time="2025-04-06T18:08:30.590745" level="INFO">Opening browser 'chrome' to base url 'http://localhost:4173'.</msg>
<arg>${URL}</arg>
<arg>${BROWSER}</arg>
<doc>Opens a new browser instance to the optional ``url``.</doc>
<status status="PASS" start="2025-04-06T18:08:30.589757" elapsed="1.634791"/>
</kw>
<kw name="Maximize Browser Window" owner="SeleniumLibrary">
<doc>Maximizes current browser window.</doc>
<status status="PASS" start="2025-04-06T18:08:32.224548" elapsed="0.086815"/>
</kw>
<kw name="Set Selenium Timeout" owner="SeleniumLibrary">
<arg>${TIMEOUT}</arg>
<doc>Sets the timeout that is used by various keywords.</doc>
<status status="PASS" start="2025-04-06T18:08:32.312375" elapsed="0.003003"/>
</kw>
<kw name="Go To" owner="SeleniumLibrary">
<msg time="2025-04-06T18:08:32.316371" level="INFO">Opening url 'http://localhost:4173'</msg>
<arg>${URL}</arg>
<doc>Navigates the current browser window to the provided ``url``.</doc>
<status status="PASS" start="2025-04-06T18:08:32.315378" elapsed="0.095375"/>
</kw>
<status status="PASS" start="2025-04-06T18:08:30.588739" elapsed="1.822014"/>
</kw>
<kw name="Switch To Login Form" owner="login_keywords">
<kw name="Click Element" owner="SeleniumLibrary">
<msg time="2025-04-06T18:08:32.413752" level="INFO">Clicking element '//button[contains(text(),'Log in')]'.</msg>
<arg>${LOGIN_IN_LINK}</arg>
<doc>Click the element identified by ``locator``.</doc>
<status status="PASS" start="2025-04-06T18:08:32.412751" elapsed="0.133574"/>
</kw>
<status status="PASS" start="2025-04-06T18:08:32.411751" elapsed="0.135583"/>
</kw>
<kw name="Input Login Credentials" owner="login_keywords">
<kw name="Wait Until Element Is Visible" owner="SeleniumLibrary">
<arg>${LOGIN_EMAIL_INPUT}</arg>
<doc>Waits until the element ``locator`` is visible.</doc>
<status status="PASS" start="2025-04-06T18:08:32.548330" elapsed="0.117889"/>
</kw>
<kw name="Input Text" owner="SeleniumLibrary">
<msg time="2025-04-06T18:08:32.667221" level="INFO">Typing text 'invalid@email' into text field 'css=input[name="email"]'.</msg>
<arg>${LOGIN_EMAIL_INPUT}</arg>
<arg>${email}</arg>
<doc>Types the given ``text`` into the text field identified by ``locator``.</doc>
<status status="PASS" start="2025-04-06T18:08:32.667221" elapsed="0.124619"/>
</kw>
<kw name="Input Text" owner="SeleniumLibrary">
<msg time="2025-04-06T18:08:32.791840" level="INFO">Typing text '123' into text field 'css=input[name="password"]'.</msg>
<arg>${LOGIN_PASSWORD_INPUT}</arg>
<arg>${password}</arg>
<doc>Types the given ``text`` into the text field identified by ``locator``.</doc>
<status status="PASS" start="2025-04-06T18:08:32.791840" elapsed="0.118825"/>
</kw>
<arg>${INVALID_EMAIL}</arg>
<arg>${INVALID_PASSWORD}</arg>
<status status="PASS" start="2025-04-06T18:08:32.547334" elapsed="0.363331"/>
</kw>
<kw name="Click Submit Button" owner="login_keywords">
<kw name="Wait Until Element Is Visible" owner="SeleniumLibrary">
<arg>${SUBMIT_BUTTON}</arg>
<doc>Waits until the element ``locator`` is visible.</doc>
<status status="PASS" start="2025-04-06T18:08:32.912657" elapsed="0.024999"/>
</kw>
<kw name="Click Element" owner="SeleniumLibrary">
<msg time="2025-04-06T18:08:32.938659" level="INFO">Clicking element 'css=input[type="submit"]'.</msg>
<arg>${SUBMIT_BUTTON}</arg>
<doc>Click the element identified by ``locator``.</doc>
<status status="PASS" start="2025-04-06T18:08:32.938659" elapsed="0.078533"/>
</kw>
<status status="PASS" start="2025-04-06T18:08:32.911660" elapsed="0.106535"/>
</kw>
<kw name="Sleep" owner="BuiltIn">
<msg time="2025-04-06T18:08:35.018741" level="INFO">Slept 2 seconds.</msg>
<arg>2s</arg>
<doc>Pauses the test executed for the given time.</doc>
<status status="PASS" start="2025-04-06T18:08:33.018195" elapsed="2.000546"/>
</kw>
<kw name="Verify Error Message" owner="login_keywords">
<kw name="Element Should Be Visible" owner="SeleniumLibrary">
<msg time="2025-04-06T18:08:35.038102" level="INFO">Element 'css=span.text-red-600' is displayed.</msg>
<arg>${ERROR_MESSAGE}</arg>
<doc>Verifies that the element identified by ``locator`` is visible.</doc>
<status status="PASS" start="2025-04-06T18:08:35.020452" elapsed="0.017650"/>
</kw>
<kw name="Element Text Should Be" owner="SeleniumLibrary">
<msg time="2025-04-06T18:08:35.039111" level="INFO">Verifying element 'css=span.text-red-600' contains exact text 'Please Enter Valid Credentials!'.</msg>
<arg>${ERROR_MESSAGE}</arg>
<arg>${expected_message}</arg>
<doc>Verifies that element ``locator`` contains exact the text ``expected``.</doc>
<status status="PASS" start="2025-04-06T18:08:35.038102" elapsed="0.016711"/>
</kw>
<arg>Please Enter Valid Credentials!</arg>
<status status="PASS" start="2025-04-06T18:08:35.019409" elapsed="0.035404"/>
</kw>
<kw name="Close Sleepify" owner="common" type="TEARDOWN">
<kw name="Close All Browsers" owner="SeleniumLibrary">
<doc>Closes all open browsers and resets the browser cache.</doc>
<status status="PASS" start="2025-04-06T18:08:35.055817" elapsed="2.227574"/>
</kw>
<status status="PASS" start="2025-04-06T18:08:35.055817" elapsed="2.227574"/>
</kw>
<doc>Test login with invalid credentials</doc>
<status status="PASS" start="2025-04-06T18:08:30.587740" elapsed="6.696649"/>
</test>
<test id="s1-t2" name="Valid Registration Test" line="17">
<kw name="Open Sleepify" owner="common" type="SETUP">
<kw name="Open Browser" owner="SeleniumLibrary">
<msg time="2025-04-06T18:08:37.286389" level="INFO">Opening browser 'chrome' to base url 'http://localhost:4173'.</msg>
<arg>${URL}</arg>
<arg>${BROWSER}</arg>
<doc>Opens a new browser instance to the optional ``url``.</doc>
<status status="PASS" start="2025-04-06T18:08:37.286389" elapsed="1.566785"/>
</kw>
<kw name="Maximize Browser Window" owner="SeleniumLibrary">
<doc>Maximizes current browser window.</doc>
<status status="PASS" start="2025-04-06T18:08:38.853174" elapsed="0.072881"/>
</kw>
<kw name="Set Selenium Timeout" owner="SeleniumLibrary">
<arg>${TIMEOUT}</arg>
<doc>Sets the timeout that is used by various keywords.</doc>
<status status="PASS" start="2025-04-06T18:08:38.926055" elapsed="0.003014"/>
</kw>
<kw name="Go To" owner="SeleniumLibrary">
<msg time="2025-04-06T18:08:38.930049" level="INFO">Opening url 'http://localhost:4173'</msg>
<arg>${URL}</arg>
<doc>Navigates the current browser window to the provided ``url``.</doc>
<status status="PASS" start="2025-04-06T18:08:38.929069" elapsed="0.072377"/>
</kw>
<status status="PASS" start="2025-04-06T18:08:37.285386" elapsed="1.716060"/>
</kw>
<kw name="Switch To Login Form" owner="login_keywords">
<kw name="Click Element" owner="SeleniumLibrary">
<msg time="2025-04-06T18:08:39.003450" level="INFO">Clicking element '//button[contains(text(),'Log in')]'.</msg>
<arg>${LOGIN_IN_LINK}</arg>
<doc>Click the element identified by ``locator``.</doc>
<status status="PASS" start="2025-04-06T18:08:39.003450" elapsed="0.185008"/>
</kw>
<status status="PASS" start="2025-04-06T18:08:39.002446" elapsed="0.186636"/>
</kw>
<kw name="Sleep" owner="BuiltIn">
<msg time="2025-04-06T18:08:40.190805" level="INFO">Slept 1 second.</msg>
<arg>1s</arg>
<doc>Pauses the test executed for the given time.</doc>
<status status="PASS" start="2025-04-06T18:08:39.189645" elapsed="1.001160"/>
</kw>
<kw name="Click Register Button" owner="login_keywords">
<kw name="Wait Until Element Is Visible" owner="SeleniumLibrary">
<arg>${REGISTER_LINK}</arg>
<doc>Waits until the element ``locator`` is visible.</doc>
<status status="PASS" start="2025-04-06T18:08:40.191827" elapsed="0.021023"/>
</kw>
<kw name="Click Element" owner="SeleniumLibrary">
<msg time="2025-04-06T18:08:40.213848" level="INFO">Clicking element '//a[contains(text(),'Register')]'.</msg>
<arg>${REGISTER_LINK}</arg>
<doc>Click the element identified by ``locator``.</doc>
<status status="PASS" start="2025-04-06T18:08:40.212850" elapsed="0.070296"/>
</kw>
<status status="PASS" start="2025-04-06T18:08:40.190805" elapsed="0.092341"/>
</kw>
<kw name="Sleep" owner="BuiltIn">
<msg time="2025-04-06T18:08:41.283338" level="INFO">Slept 1 second.</msg>
<arg>1s</arg>
<doc>Pauses the test executed for the given time.</doc>
<status status="PASS" start="2025-04-06T18:08:40.283146" elapsed="1.000192"/>
</kw>
<kw name="Evaluate" owner="BuiltIn">
<msg time="2025-04-06T18:08:41.284355" level="INFO">${RANDOM_EMAIL} = user_abec1b@test.com</msg>
<var>${RANDOM_EMAIL}</var>
<arg>'user_' + __import__('uuid').uuid4().hex[:6] + '@test.com'</arg>
<doc>Evaluates the given expression in Python and returns the result.</doc>
<status status="PASS" start="2025-04-06T18:08:41.283338" elapsed="0.001017"/>
</kw>
<kw name="Set Global Variable" owner="BuiltIn">
<msg time="2025-04-06T18:08:41.285356" level="INFO">${EMAIL} = user_abec1b@test.com</msg>
<arg>${EMAIL}</arg>
<arg>${RANDOM_EMAIL}</arg>
<doc>Makes a variable available globally in all tests and suites.</doc>
<status status="PASS" start="2025-04-06T18:08:41.284355" elapsed="0.001001"/>
</kw>
<kw name="Input Registration Details" owner="login_keywords">
<kw name="Wait Until Element Is Visible" owner="SeleniumLibrary">
<arg>${REGISTER_NAME_INPUT}</arg>
<doc>Waits until the element ``locator`` is visible.</doc>
<status status="PASS" start="2025-04-06T18:08:41.286356" elapsed="0.018518"/>
</kw>
<kw name="Input Text" owner="SeleniumLibrary">
<msg time="2025-04-06T18:08:41.305870" level="INFO">Typing text 'Test User' into text field 'css=input[name="names"]'.</msg>
<arg>${REGISTER_NAME_INPUT}</arg>
<arg>${name}</arg>
<doc>Types the given ``text`` into the text field identified by ``locator``.</doc>
<status status="PASS" start="2025-04-06T18:08:41.304874" elapsed="0.117012"/>
</kw>
<kw name="Input Text" owner="SeleniumLibrary">
<msg time="2025-04-06T18:08:41.422889" level="INFO">Typing text 'user_abec1b@test.com' into text field 'css=input[name="email"]'.</msg>
<arg>${LOGIN_EMAIL_INPUT}</arg>
<arg>${email}</arg>
<doc>Types the given ``text`` into the text field identified by ``locator``.</doc>
<status status="PASS" start="2025-04-06T18:08:41.421886" elapsed="0.156640"/>
</kw>
<kw name="Input Text" owner="SeleniumLibrary">
<msg time="2025-04-06T18:08:41.579526" level="INFO">Typing text 'Test123!' into text field 'css=input[name="password"]'.</msg>
<arg>${LOGIN_PASSWORD_INPUT}</arg>
<arg>${password}</arg>
<doc>Types the given ``text`` into the text field identified by ``locator``.</doc>
<status status="PASS" start="2025-04-06T18:08:41.578526" elapsed="0.107264"/>
</kw>
<arg>${VALID_NAME}</arg>
<arg>${RANDOM_EMAIL}</arg>
<arg>${VALID_PASSWORD}</arg>
<status status="PASS" start="2025-04-06T18:08:41.285356" elapsed="0.400434"/>
</kw>
<kw name="Click Submit Button" owner="login_keywords">
<kw name="Wait Until Element Is Visible" owner="SeleniumLibrary">
<arg>${SUBMIT_BUTTON}</arg>
<doc>Waits until the element ``locator`` is visible.</doc>
<status status="PASS" start="2025-04-06T18:08:41.686785" elapsed="0.018865"/>
</kw>
<kw name="Click Element" owner="SeleniumLibrary">
<msg time="2025-04-06T18:08:41.705650" level="INFO">Clicking element 'css=input[type="submit"]'.</msg>
<arg>${SUBMIT_BUTTON}</arg>
<doc>Click the element identified by ``locator``.</doc>
<status status="PASS" start="2025-04-06T18:08:41.705650" elapsed="0.068266"/>
</kw>
<status status="PASS" start="2025-04-06T18:08:41.685790" elapsed="0.088126"/>
</kw>
<kw name="Sleep" owner="BuiltIn">
<msg time="2025-04-06T18:08:46.774449" level="INFO">Slept 5 seconds.</msg>
<arg>5s</arg>
<doc>Pauses the test executed for the given time.</doc>
<status status="PASS" start="2025-04-06T18:08:41.773916" elapsed="5.000533"/>
</kw>
<kw name="Verify Successful Navigation To Home" owner="login_keywords">
<kw name="Location Should Be" owner="SeleniumLibrary">
<msg time="2025-04-06T18:08:46.782277" level="INFO">Current location is 'http://localhost:4173/'.</msg>
<arg>${URL}/</arg>
<doc>Verifies that the current URL is exactly ``url``.</doc>
<status status="PASS" start="2025-04-06T18:08:46.776419" elapsed="0.006858"/>
</kw>
<status status="PASS" start="2025-04-06T18:08:46.775415" elapsed="0.007862"/>
</kw>
<kw name="Close Sleepify" owner="common" type="TEARDOWN">
<kw name="Close All Browsers" owner="SeleniumLibrary">
<doc>Closes all open browsers and resets the browser cache.</doc>
<status status="PASS" start="2025-04-06T18:08:46.783277" elapsed="2.257214"/>
</kw>
<status status="PASS" start="2025-04-06T18:08:46.783277" elapsed="2.258191"/>
</kw>
<doc>Test registration with valid details</doc>
<status status="PASS" start="2025-04-06T18:08:37.285386" elapsed="11.756082"/>
</test>
<test id="s1-t3" name="Valid Login Test" line="29">
<kw name="Open Sleepify" owner="common" type="SETUP">
<kw name="Open Browser" owner="SeleniumLibrary">
<msg time="2025-04-06T18:08:49.043460" level="INFO">Opening browser 'chrome' to base url 'http://localhost:4173'.</msg>
<arg>${URL}</arg>
<arg>${BROWSER}</arg>
<doc>Opens a new browser instance to the optional ``url``.</doc>
<status status="PASS" start="2025-04-06T18:08:49.042458" elapsed="1.364901"/>
</kw>
<kw name="Maximize Browser Window" owner="SeleniumLibrary">
<doc>Maximizes current browser window.</doc>
<status status="PASS" start="2025-04-06T18:08:50.408901" elapsed="0.261351"/>
</kw>
<kw name="Set Selenium Timeout" owner="SeleniumLibrary">
<arg>${TIMEOUT}</arg>
<doc>Sets the timeout that is used by various keywords.</doc>
<status status="PASS" start="2025-04-06T18:08:50.670252" elapsed="0.001997"/>
</kw>
<kw name="Go To" owner="SeleniumLibrary">
<msg time="2025-04-06T18:08:50.672249" level="INFO">Opening url 'http://localhost:4173'</msg>
<arg>${URL}</arg>
<doc>Navigates the current browser window to the provided ``url``.</doc>
<status status="PASS" start="2025-04-06T18:08:50.672249" elapsed="0.090950"/>
</kw>
<status status="PASS" start="2025-04-06T18:08:49.042458" elapsed="1.720741"/>
</kw>
<kw name="Switch To Login Form" owner="login_keywords">
<kw name="Click Element" owner="SeleniumLibrary">
<msg time="2025-04-06T18:08:50.765208" level="INFO">Clicking element '//button[contains(text(),'Log in')]'.</msg>
<arg>${LOGIN_IN_LINK}</arg>
<doc>Click the element identified by ``locator``.</doc>
<status status="PASS" start="2025-04-06T18:08:50.764205" elapsed="0.128843"/>
</kw>
<status status="PASS" start="2025-04-06T18:08:50.764205" elapsed="0.128843"/>
</kw>
<kw name="Input Login Credentials" owner="login_keywords">
<kw name="Wait Until Element Is Visible" owner="SeleniumLibrary">
<arg>${LOGIN_EMAIL_INPUT}</arg>
<doc>Waits until the element ``locator`` is visible.</doc>
<status status="PASS" start="2025-04-06T18:08:50.894046" elapsed="0.034003"/>
</kw>
<kw name="Input Text" owner="SeleniumLibrary">
<msg time="2025-04-06T18:08:50.929047" level="INFO">Typing text 'user_abec1b@test.com' into text field 'css=input[name="email"]'.</msg>
<arg>${LOGIN_EMAIL_INPUT}</arg>
<arg>${email}</arg>
<doc>Types the given ``text`` into the text field identified by ``locator``.</doc>
<status status="PASS" start="2025-04-06T18:08:50.929047" elapsed="0.156712"/>
</kw>
<kw name="Input Text" owner="SeleniumLibrary">
<msg time="2025-04-06T18:08:51.086752" level="INFO">Typing text 'Test123!' into text field 'css=input[name="password"]'.</msg>
<arg>${LOGIN_PASSWORD_INPUT}</arg>
<arg>${password}</arg>
<doc>Types the given ``text`` into the text field identified by ``locator``.</doc>
<status status="PASS" start="2025-04-06T18:08:51.085759" elapsed="0.131440"/>
</kw>
<arg>${EMAIL}</arg>
<arg>${VALID_PASSWORD}</arg>
<status status="PASS" start="2025-04-06T18:08:50.894046" elapsed="0.323153"/>
</kw>
<kw name="Click Submit Button" owner="login_keywords">
<kw name="Wait Until Element Is Visible" owner="SeleniumLibrary">
<arg>${SUBMIT_BUTTON}</arg>
<doc>Waits until the element ``locator`` is visible.</doc>
<status status="PASS" start="2025-04-06T18:08:51.217707" elapsed="0.020988"/>
</kw>
<kw name="Click Element" owner="SeleniumLibrary">
<msg time="2025-04-06T18:08:51.239689" level="INFO">Clicking element 'css=input[type="submit"]'.</msg>
<arg>${SUBMIT_BUTTON}</arg>
<doc>Click the element identified by ``locator``.</doc>
<status status="PASS" start="2025-04-06T18:08:51.239689" elapsed="0.081016"/>
</kw>
<status status="PASS" start="2025-04-06T18:08:51.217707" elapsed="0.103994"/>
</kw>
<kw name="Sleep" owner="BuiltIn">
<msg time="2025-04-06T18:08:53.322175" level="INFO">Slept 2 seconds.</msg>
<arg>2s</arg>
<doc>Pauses the test executed for the given time.</doc>
<status status="PASS" start="2025-04-06T18:08:51.321701" elapsed="2.000474"/>
</kw>
<kw name="Verify Successful Navigation To Home" owner="login_keywords">
<kw name="Location Should Be" owner="SeleniumLibrary">
<msg time="2025-04-06T18:08:53.330712" level="INFO">Current location is 'http://localhost:4173/'.</msg>
<arg>${URL}/</arg>
<doc>Verifies that the current URL is exactly ``url``.</doc>
<status status="PASS" start="2025-04-06T18:08:53.322687" elapsed="0.008025"/>
</kw>
<status status="PASS" start="2025-04-06T18:08:53.322687" elapsed="0.008025"/>
</kw>
<kw name="Close Sleepify" owner="common" type="TEARDOWN">
<kw name="Close All Browsers" owner="SeleniumLibrary">
<doc>Closes all open browsers and resets the browser cache.</doc>
<status status="PASS" start="2025-04-06T18:08:53.331711" elapsed="2.229729"/>
</kw>
<status status="PASS" start="2025-04-06T18:08:53.330712" elapsed="2.230728"/>
</kw>
<doc>Test login with valid credentials</doc>
<status status="PASS" start="2025-04-06T18:08:49.042458" elapsed="6.519967"/>
</test>
<test id="s1-t4" name="Invalid Registration Test" line="38">
<kw name="Open Sleepify" owner="common" type="SETUP">
<kw name="Open Browser" owner="SeleniumLibrary">
<msg time="2025-04-06T18:08:55.563425" level="INFO">Opening browser 'chrome' to base url 'http://localhost:4173'.</msg>
<arg>${URL}</arg>
<arg>${BROWSER}</arg>
<doc>Opens a new browser instance to the optional ``url``.</doc>
<status status="PASS" start="2025-04-06T18:08:55.563425" elapsed="1.585988"/>
</kw>
<kw name="Maximize Browser Window" owner="SeleniumLibrary">
<doc>Maximizes current browser window.</doc>
<status status="PASS" start="2025-04-06T18:08:57.149413" elapsed="0.053717"/>
</kw>
<kw name="Set Selenium Timeout" owner="SeleniumLibrary">
<arg>${TIMEOUT}</arg>
<doc>Sets the timeout that is used by various keywords.</doc>
<status status="PASS" start="2025-04-06T18:08:57.204129" elapsed="0.002004"/>
</kw>
<kw name="Go To" owner="SeleniumLibrary">
<msg time="2025-04-06T18:08:57.207135" level="INFO">Opening url 'http://localhost:4173'</msg>
<arg>${URL}</arg>
<doc>Navigates the current browser window to the provided ``url``.</doc>
<status status="PASS" start="2025-04-06T18:08:57.206133" elapsed="0.051008"/>
</kw>
<status status="PASS" start="2025-04-06T18:08:55.563425" elapsed="1.694719"/>
</kw>
<kw name="Switch To Login Form" owner="login_keywords">
<kw name="Click Element" owner="SeleniumLibrary">
<msg time="2025-04-06T18:08:57.259145" level="INFO">Clicking element '//button[contains(text(),'Log in')]'.</msg>
<arg>${LOGIN_IN_LINK}</arg>
<doc>Click the element identified by ``locator``.</doc>
<status status="PASS" start="2025-04-06T18:08:57.259145" elapsed="0.131284"/>
</kw>
<status status="PASS" start="2025-04-06T18:08:57.258144" elapsed="0.132285"/>
</kw>
<kw name="Click Register Button" owner="login_keywords">
<kw name="Wait Until Element Is Visible" owner="SeleniumLibrary">
<arg>${REGISTER_LINK}</arg>
<doc>Waits until the element ``locator`` is visible.</doc>
<status status="PASS" start="2025-04-06T18:08:57.391423" elapsed="0.024000"/>
</kw>
<kw name="Click Element" owner="SeleniumLibrary">
<msg time="2025-04-06T18:08:57.416426" level="INFO">Clicking element '//a[contains(text(),'Register')]'.</msg>
<arg>${REGISTER_LINK}</arg>
<doc>Click the element identified by ``locator``.</doc>
<status status="PASS" start="2025-04-06T18:08:57.415423" elapsed="0.078691"/>
</kw>
<status status="PASS" start="2025-04-06T18:08:57.390429" elapsed="0.103685"/>
</kw>
<kw name="Input Registration Details" owner="login_keywords">
<kw name="Wait Until Element Is Visible" owner="SeleniumLibrary">
<arg>${REGISTER_NAME_INPUT}</arg>
<doc>Waits until the element ``locator`` is visible.</doc>
<status status="PASS" start="2025-04-06T18:08:57.495110" elapsed="0.027010"/>
</kw>
<kw name="Input Text" owner="SeleniumLibrary">
<msg time="2025-04-06T18:08:57.523114" level="INFO">Typing text 't' into text field 'css=input[name="names"]'.</msg>
<arg>${REGISTER_NAME_INPUT}</arg>
<arg>${name}</arg>
<doc>Types the given ``text`` into the text field identified by ``locator``.</doc>
<status status="PASS" start="2025-04-06T18:08:57.522120" elapsed="0.127714"/>
</kw>
<kw name="Input Text" owner="SeleniumLibrary">
<msg time="2025-04-06T18:08:57.650929" level="INFO">Typing text 'invalid@email' into text field 'css=input[name="email"]'.</msg>
<arg>${LOGIN_EMAIL_INPUT}</arg>
<arg>${email}</arg>
<doc>Types the given ``text`` into the text field identified by ``locator``.</doc>
<status status="PASS" start="2025-04-06T18:08:57.650385" elapsed="0.089224"/>
</kw>
<kw name="Input Text" owner="SeleniumLibrary">
<msg time="2025-04-06T18:08:57.740610" level="INFO">Typing text '123' into text field 'css=input[name="password"]'.</msg>
<arg>${LOGIN_PASSWORD_INPUT}</arg>
<arg>${password}</arg>
<doc>Types the given ``text`` into the text field identified by ``locator``.</doc>
<status status="PASS" start="2025-04-06T18:08:57.739609" elapsed="0.091858"/>
</kw>
<arg>${INVALID_NAME}</arg>
<arg>${INVALID_EMAIL}</arg>
<arg>${INVALID_PASSWORD}</arg>
<status status="PASS" start="2025-04-06T18:08:57.494114" elapsed="0.338353"/>
</kw>
<kw name="Click Submit Button" owner="login_keywords">
<kw name="Wait Until Element Is Visible" owner="SeleniumLibrary">
<arg>${SUBMIT_BUTTON}</arg>
<doc>Waits until the element ``locator`` is visible.</doc>
<status status="PASS" start="2025-04-06T18:08:57.833460" elapsed="0.026000"/>
</kw>
<kw name="Click Element" owner="SeleniumLibrary">
<msg time="2025-04-06T18:08:57.860460" level="INFO">Clicking element 'css=input[type="submit"]'.</msg>
<arg>${SUBMIT_BUTTON}</arg>
<doc>Click the element identified by ``locator``.</doc>
<status status="PASS" start="2025-04-06T18:08:57.859460" elapsed="0.069749"/>
</kw>
<status status="PASS" start="2025-04-06T18:08:57.832467" elapsed="0.097743"/>
</kw>
<kw name="Sleep" owner="BuiltIn">
<msg time="2025-04-06T18:08:59.930643" level="INFO">Slept 2 seconds.</msg>
<arg>2s</arg>
<doc>Pauses the test executed for the given time.</doc>
<status status="PASS" start="2025-04-06T18:08:57.930210" elapsed="2.000433"/>
</kw>
<kw name="Verify Error Message" owner="login_keywords">
<kw name="Element Should Be Visible" owner="SeleniumLibrary">
<msg time="2025-04-06T18:08:59.950238" level="INFO">Element 'css=span.text-red-600' is displayed.</msg>
<arg>${ERROR_MESSAGE}</arg>
<doc>Verifies that the element identified by ``locator`` is visible.</doc>
<status status="PASS" start="2025-04-06T18:08:59.932227" elapsed="0.018011"/>
</kw>
<kw name="Element Text Should Be" owner="SeleniumLibrary">
<msg time="2025-04-06T18:08:59.951245" level="INFO">Verifying element 'css=span.text-red-600' contains exact text 'Enter Valid Information Please!'.</msg>
<arg>${ERROR_MESSAGE}</arg>
<arg>${expected_message}</arg>
<doc>Verifies that element ``locator`` contains exact the text ``expected``.</doc>
<status status="PASS" start="2025-04-06T18:08:59.950238" elapsed="0.021008"/>
</kw>
<arg>Enter Valid Information Please!</arg>
<status status="PASS" start="2025-04-06T18:08:59.930643" elapsed="0.040603"/>
</kw>
<kw name="Close Sleepify" owner="common" type="TEARDOWN">
<kw name="Close All Browsers" owner="SeleniumLibrary">
<doc>Closes all open browsers and resets the browser cache.</doc>
<status status="PASS" start="2025-04-06T18:08:59.972243" elapsed="2.238895"/>
</kw>
<status status="PASS" start="2025-04-06T18:08:59.971246" elapsed="2.240404"/>
</kw>
<doc>Test registration with invalid details</doc>
<status status="PASS" start="2025-04-06T18:08:55.563425" elapsed="6.648225"/>
</test>
<test id="s1-t5" name="Switch Between Login And Register Forms" line="47">
<kw name="Open Sleepify" owner="common" type="SETUP">
<kw name="Open Browser" owner="SeleniumLibrary">
<msg time="2025-04-06T18:09:02.213660" level="INFO">Opening browser 'chrome' to base url 'http://localhost:4173'.</msg>
<arg>${URL}</arg>
<arg>${BROWSER}</arg>
<doc>Opens a new browser instance to the optional ``url``.</doc>
<status status="PASS" start="2025-04-06T18:09:02.213660" elapsed="1.562365"/>
</kw>
<kw name="Maximize Browser Window" owner="SeleniumLibrary">
<doc>Maximizes current browser window.</doc>
<status status="PASS" start="2025-04-06T18:09:03.776025" elapsed="0.076779"/>
</kw>
<kw name="Set Selenium Timeout" owner="SeleniumLibrary">
<arg>${TIMEOUT}</arg>
<doc>Sets the timeout that is used by various keywords.</doc>
<status status="PASS" start="2025-04-06T18:09:03.852804" elapsed="0.004003"/>
</kw>
<kw name="Go To" owner="SeleniumLibrary">
<msg time="2025-04-06T18:09:03.857813" level="INFO">Opening url 'http://localhost:4173'</msg>
<arg>${URL}</arg>
<doc>Navigates the current browser window to the provided ``url``.</doc>
<status status="PASS" start="2025-04-06T18:09:03.856807" elapsed="0.065975"/>
</kw>
<status status="PASS" start="2025-04-06T18:09:02.213660" elapsed="1.709122"/>
</kw>
<kw name="Switch To Login Form" owner="login_keywords">
<kw name="Click Element" owner="SeleniumLibrary">
<msg time="2025-04-06T18:09:03.924786" level="INFO">Clicking element '//button[contains(text(),'Log in')]'.</msg>
<arg>${LOGIN_IN_LINK}</arg>
<doc>Click the element identified by ``locator``.</doc>
<status status="PASS" start="2025-04-06T18:09:03.923785" elapsed="0.128577"/>
</kw>
<status status="PASS" start="2025-04-06T18:09:03.923785" elapsed="0.128577"/>
</kw>
<kw name="Click Register Button" owner="login_keywords">
<kw name="Wait Until Element Is Visible" owner="SeleniumLibrary">
<arg>${REGISTER_LINK}</arg>
<doc>Waits until the element ``locator`` is visible.</doc>
<status status="PASS" start="2025-04-06T18:09:04.053366" elapsed="0.026040"/>
</kw>
<kw name="Click Element" owner="SeleniumLibrary">
<msg time="2025-04-06T18:09:04.080401" level="INFO">Clicking element '//a[contains(text(),'Register')]'.</msg>
<arg>${REGISTER_LINK}</arg>
<doc>Click the element identified by ``locator``.</doc>
<status status="PASS" start="2025-04-06T18:09:04.080401" elapsed="0.078571"/>
</kw>
<status status="PASS" start="2025-04-06T18:09:04.053366" elapsed="0.106612"/>
</kw>
<kw name="Sleep" owner="BuiltIn">
<msg time="2025-04-06T18:09:05.160039" level="INFO">Slept 1 second.</msg>
<arg>1s</arg>
<doc>Pauses the test executed for the given time.</doc>
<status status="PASS" start="2025-04-06T18:09:04.159978" elapsed="1.000061"/>
</kw>
<kw name="Element Should Be Visible" owner="SeleniumLibrary">
<msg time="2025-04-06T18:09:05.177551" level="INFO">Element 'css=input[name="names"]' is displayed.</msg>
<arg>${REGISTER_NAME_INPUT}</arg>
<doc>Verifies that the element identified by ``locator`` is visible.</doc>
<status status="PASS" start="2025-04-06T18:09:05.160039" elapsed="0.017512"/>
</kw>
<kw name="Click Sigin Button" owner="login_keywords">
<kw name="Click Element" owner="SeleniumLibrary">
<msg time="2025-04-06T18:09:05.177551" level="INFO">Clicking element '//a[contains(text(),'Sign In')]'.</msg>
<arg>${SIGN_IN_LINK}</arg>
<doc>Click the element identified by ``locator``.</doc>
<status status="PASS" start="2025-04-06T18:09:05.177551" elapsed="0.086725"/>
</kw>
<status status="PASS" start="2025-04-06T18:09:05.177551" elapsed="0.086725"/>
</kw>
<kw name="Sleep" owner="BuiltIn">
<msg time="2025-04-06T18:09:06.264893" level="INFO">Slept 1 second.</msg>
<arg>1s</arg>
<doc>Pauses the test executed for the given time.</doc>
<status status="PASS" start="2025-04-06T18:09:05.264276" elapsed="1.000930"/>
</kw>
<kw name="Element Should Not Be Visible" owner="SeleniumLibrary">
<msg time="2025-04-06T18:09:06.276217" level="INFO">Element 'css=input[name="names"]' did not exist.</msg>
<arg>${REGISTER_NAME_INPUT}</arg>
<doc>Verifies that the element identified by ``locator`` is NOT visible.</doc>
<status status="PASS" start="2025-04-06T18:09:06.265206" elapsed="0.011011"/>
</kw>
<kw name="Close Sleepify" owner="common" type="TEARDOWN">
<kw name="Close All Browsers" owner="SeleniumLibrary">
<doc>Closes all open browsers and resets the browser cache.</doc>
<status status="PASS" start="2025-04-06T18:09:06.276770" elapsed="2.249809"/>
</kw>
<status status="PASS" start="2025-04-06T18:09:06.276770" elapsed="2.249809"/>
</kw>
<doc>Test switching between login and register forms</doc>
<status status="PASS" start="2025-04-06T18:09:02.212663" elapsed="6.314923"/>
</test>
<doc>Test suite for Sleepify login functionality</doc>
<status status="PASS" start="2025-04-06T18:08:27.948176" elapsed="40.580406"/>
</suite>
<statistics>
<total>
<stat pass="5" fail="0" skip="0">All Tests</stat>
</total>
<tag>
</tag>
<suite>
<stat name="Login Tests" id="s1" pass="5" fail="0" skip="0">Login Tests</stat>
</suite>
</statistics>
<errors>
</errors>
</robot>
